# JRE version: Java(TM) SE Runtime Environment (8.0_91-b14) (build 1.8.0_91-b14)
# Java VM: Java HotSpot(TM) 64-Bit Server VM (25.91-b14 mixed mode linux-amd64 compressed oops)
Heap:
 PSYoungGen      total 115200K, used 4592K [0x00000000dc900000, 0x00000000e3e00000, 0x0000000100000000)
  eden space 110592K, 0% used [0x00000000dc900000,0x00000000dc900000,0x00000000e3500000)
  from space 4608K, 99% used [0x00000000e3500000,0x00000000e397c030,0x00000000e3980000)
  to   space 4608K, 0% used [0x00000000e3980000,0x00000000e3980000,0x00000000e3e00000)
 ParOldGen       total 73728K, used 24865K [0x0000000095a00000, 0x000000009a200000, 0x00000000dc900000)
  object space 73728K, 33% used [0x0000000095a00000,0x00000000972484b0,0x000000009a200000)
 Metaspace       used 20473K, capacity 21088K, committed 21296K, reserved 1069056K
  class space    used 2441K, capacity 2603K, committed 2688K, reserved 1048576K
GC Heap History (9 events):
Event: 1,978 GC heap before
{Heap before GC invocations=1 (full 0):
 PSYoungGen      total 32256K, used 27648K [0x00000000dc900000, 0x00000000ded00000, 0x0000000100000000)
  eden space 27648K, 100% used [0x00000000dc900000,0x00000000de400000,0x00000000de400000)
  from space 4608K, 0% used [0x00000000de880000,0x00000000de880000,0x00000000ded00000)
  to   space 4608K, 0% used [0x00000000de400000,0x00000000de400000,0x00000000de880000)
 ParOldGen       total 73728K, used 0K [0x0000000095a00000, 0x000000009a200000, 0x00000000dc900000)
  object space 73728K, 0% used [0x0000000095a00000,0x0000000095a00000,0x000000009a200000)
 Metaspace       used 7201K, capacity 7400K, committed 7680K, reserved 1056768K
  class space    used 901K, capacity 956K, committed 1024K, reserved 1048576K
Event: 2,008 GC heap after
Heap after GC invocations=1 (full 0):
 PSYoungGen      total 32256K, used 4080K [0x00000000dc900000, 0x00000000e0800000, 0x0000000100000000)
  eden space 27648K, 0% used [0x00000000dc900000,0x00000000dc900000,0x00000000de400000)
  from space 4608K, 88% used [0x00000000de400000,0x00000000de7fc000,0x00000000de880000)
  to   space 4608K, 0% used [0x00000000e0380000,0x00000000e0380000,0x00000000e0800000)
 ParOldGen       total 73728K, used 8K [0x0000000095a00000, 0x000000009a200000, 0x00000000dc900000)
  object space 73728K, 0% used [0x0000000095a00000,0x0000000095a02000,0x000000009a200000)
 Metaspace       used 7201K, capacity 7400K, committed 7680K, reserved 1056768K
  class space    used 901K, capacity 956K, committed 1024K, reserved 1048576K
}
Event: 2,683 GC heap before
{Heap before GC invocations=2 (full 0):
 PSYoungGen      total 32256K, used 31728K [0x00000000dc900000, 0x00000000e0800000, 0x0000000100000000)
  eden space 27648K, 100% used [0x00000000dc900000,0x00000000de400000,0x00000000de400000)
  from space 4608K, 88% used [0x00000000de400000,0x00000000de7fc000,0x00000000de880000)
  to   space 4608K, 0% used [0x00000000e0380000,0x00000000e0380000,0x00000000e0800000)
 ParOldGen       total 73728K, used 8K [0x0000000095a00000, 0x000000009a200000, 0x00000000dc900000)
  object space 73728K, 0% used [0x0000000095a00000,0x0000000095a02000,0x000000009a200000)
 Metaspace       used 11645K, capacity 11968K, committed 12416K, reserved 1060864K
  class space    used 1460K, capacity 1555K, committed 1664K, reserved 1048576K
Event: 2,740 GC heap after
Heap after GC invocations=2 (full 0):
 PSYoungGen      total 59904K, used 4583K [0x00000000dc900000, 0x00000000e0800000, 0x0000000100000000)
  eden space 55296K, 0% used [0x00000000dc900000,0x00000000dc900000,0x00000000dff00000)
  from space 4608K, 99% used [0x00000000e0380000,0x00000000e07f9df8,0x00000000e0800000)
  to   space 4608K, 0% used [0x00000000dff00000,0x00000000dff00000,0x00000000e0380000)
 ParOldGen       total 73728K, used 1193K [0x0000000095a00000, 0x000000009a200000, 0x00000000dc900000)
  object space 73728K, 1% used [0x0000000095a00000,0x0000000095b2a658,0x000000009a200000)
 Metaspace       used 11645K, capacity 11968K, committed 12416K, reserved 1060864K
  class space    used 1460K, capacity 1555K, committed 1664K, reserved 1048576K
}
Event: 4,527 GC heap before
{Heap before GC invocations=3 (full 0):
 PSYoungGen      total 59904K, used 59879K [0x00000000dc900000, 0x00000000e0800000, 0x0000000100000000)
  eden space 55296K, 100% used [0x00000000dc900000,0x00000000dff00000,0x00000000dff00000)
  from space 4608K, 99% used [0x00000000e0380000,0x00000000e07f9df8,0x00000000e0800000)
  to   space 4608K, 0% used [0x00000000dff00000,0x00000000dff00000,0x00000000e0380000)
 ParOldGen       total 73728K, used 1193K [0x0000000095a00000, 0x000000009a200000, 0x00000000dc900000)
  object space 73728K, 1% used [0x0000000095a00000,0x0000000095b2a658,0x000000009a200000)
 Metaspace       used 13657K, capacity 14030K, committed 14336K, reserved 1062912K
  class space    used 1648K, capacity 1767K, committed 1792K, reserved 1048576K
Event: 4,543 GC heap after
Heap after GC invocations=3 (full 0):
 PSYoungGen      total 59904K, used 4576K [0x00000000dc900000, 0x00000000e3e00000, 0x0000000100000000)
  eden space 55296K, 0% used [0x00000000dc900000,0x00000000dc900000,0x00000000dff00000)
  from space 4608K, 99% used [0x00000000dff00000,0x00000000e0378020,0x00000000e0380000)
  to   space 4608K, 0% used [0x00000000e3980000,0x00000000e3980000,0x00000000e3e00000)
 ParOldGen       total 73728K, used 3706K [0x0000000095a00000, 0x000000009a200000, 0x00000000dc900000)
  object space 73728K, 5% used [0x0000000095a00000,0x0000000095d9e898,0x000000009a200000)
 Metaspace       used 13657K, capacity 14030K, committed 14336K, reserved 1062912K
  class space    used 1648K, capacity 1767K, committed 1792K, reserved 1048576K
}
Event: 6,461 GC heap before
{Heap before GC invocations=4 (full 0):
 PSYoungGen      total 59904K, used 59872K [0x00000000dc900000, 0x00000000e3e00000, 0x0000000100000000)
  eden space 55296K, 100% used [0x00000000dc900000,0x00000000dff00000,0x00000000dff00000)
  from space 4608K, 99% used [0x00000000dff00000,0x00000000e0378020,0x00000000e0380000)
  to   space 4608K, 0% used [0x00000000e3980000,0x00000000e3980000,0x00000000e3e00000)
 ParOldGen       total 73728K, used 3706K [0x0000000095a00000, 0x000000009a200000, 0x00000000dc900000)
  object space 73728K, 5% used [0x0000000095a00000,0x0000000095d9e898,0x000000009a200000)
 Metaspace       used 18058K, capacity 18600K, committed 18816K, reserved 1064960K
  class space    used 2230K, capacity 2376K, committed 2432K, reserved 1048576K
Event: 6,696 GC heap after
Heap after GC invocations=4 (full 0):
 PSYoungGen      total 115200K, used 4608K [0x00000000dc900000, 0x00000000e3e00000, 0x0000000100000000)
  eden space 110592K, 0% used [0x00000000dc900000,0x00000000dc900000,0x00000000e3500000)
  from space 4608K, 100% used [0x00000000e3980000,0x00000000e3e00000,0x00000000e3e00000)
  to   space 4608K, 0% used [0x00000000e3500000,0x00000000e3500000,0x00000000e3980000)
 ParOldGen       total 73728K, used 7020K [0x0000000095a00000, 0x000000009a200000, 0x00000000dc900000)
  object space 73728K, 9% used [0x0000000095a00000,0x00000000960db168,0x000000009a200000)
 Metaspace       used 18058K, capacity 18600K, committed 18816K, reserved 1064960K
  class space    used 2230K, capacity 2376K, committed 2432K, reserved 1048576K
}
Event: 9,366 GC heap before
{Heap before GC invocations=5 (full 0):
 PSYoungGen      total 115200K, used 93217K [0x00000000dc900000, 0x00000000e3e00000, 0x0000000100000000)
  eden space 110592K, 80% used [0x00000000dc900000,0x00000000e1f88630,0x00000000e3500000)
  from space 4608K, 100% used [0x00000000e3980000,0x00000000e3e00000,0x00000000e3e00000)
  to   space 4608K, 0% used [0x00000000e3500000,0x00000000e3500000,0x00000000e3980000)
 ParOldGen       total 73728K, used 7020K [0x0000000095a00000, 0x000000009a200000, 0x00000000dc900000)
  object space 73728K, 9% used [0x0000000095a00000,0x00000000960db168,0x000000009a200000)
 Metaspace       used 20473K, capacity 21088K, committed 21296K, reserved 1069056K
  class space    used 2441K, capacity 2603K, committed 2688K, reserved 1048576K

